<?xml version="1.0" encoding="UTF-8"?>
<robot generator="Robot 7.1.1 (Python 3.11.7 on win32)" generated="2024-12-04T22:10:50.810170" rpa="false" schemaversion="5">
<suite id="s1" name="Test" source="C:\Users\HP\PycharmProjects\Robot\test">
<suite id="s1-s1" name="demoPractice" source="C:\Users\HP\PycharmProjects\Robot\test\demoPractice.robot">
<test id="s1-s1-t1" name="Validate unsuccessful login" line="9">
<kw name="Open browser with payment page">
<kw name="Open Browser" owner="SeleniumLibrary">
<msg time="2024-12-04T22:10:51.621287" level="INFO">Opening browser 'chrome' to base url 'https://rahulshettyacademy.com/loginpagePractise/'.</msg>
<arg>https://rahulshettyacademy.com/loginpagePractise/</arg>
<arg>chrome</arg>
<doc>Opens a new browser instance to the optional ``url``.</doc>
<status status="PASS" start="2024-12-04T22:10:51.621287" elapsed="15.218984"/>
</kw>
<status status="PASS" start="2024-12-04T22:10:51.618287" elapsed="15.222982"/>
</kw>
<kw name="Fill the login form">
<kw name="Input Text" owner="SeleniumLibrary">
<msg time="2024-12-04T22:11:06.851389" level="INFO">Typing text 'rahulshettyacademy' into text field 'username'.</msg>
<arg>username</arg>
<arg>rahulshettyacademy</arg>
<doc>Types the given ``text`` into the text field identified by ``locator``.</doc>
<status status="PASS" start="2024-12-04T22:11:06.850195" elapsed="7.562497"/>
</kw>
<kw name="Input Password" owner="SeleniumLibrary">
<msg time="2024-12-04T22:11:14.416693" level="INFO">Typing password into text field 'password'.</msg>
<msg time="2024-12-04T22:11:16.622503" level="INFO">Temporally setting log level to: NONE</msg>
<arg>password</arg>
<arg>12345</arg>
<doc>Types the given password into the text field identified by ``locator``.</doc>
<status status="PASS" start="2024-12-04T22:11:14.415712" elapsed="3.770832"/>
</kw>
<kw name="Click Button" owner="SeleniumLibrary">
<msg time="2024-12-04T22:11:18.188125" level="INFO">Clicking button 'signInBtn'.</msg>
<arg>signInBtn</arg>
<doc>Clicks the button identified by ``locator``.</doc>
<status status="PASS" start="2024-12-04T22:11:18.187618" elapsed="1.921287"/>
</kw>
<status status="PASS" start="2024-12-04T22:11:06.848182" elapsed="13.261842"/>
</kw>
<kw name="wait untill the error message appear">
<kw name="Wait Until Element Is Visible" owner="SeleniumLibrary">
<arg>xpath:${Error_Message}</arg>
<doc>Waits until the element ``locator`` is visible.</doc>
<status status="PASS" start="2024-12-04T22:11:20.114500" elapsed="2.640225"/>
</kw>
<status status="PASS" start="2024-12-04T22:11:20.111045" elapsed="2.643680"/>
</kw>
<kw name="Verify the error message is correct">
<kw name="Get Text" owner="SeleniumLibrary">
<msg time="2024-12-04T22:11:23.161729" level="INFO">${result} = Incorrect username/password.</msg>
<var>${result}</var>
<arg>xpath:${Error_Message}</arg>
<doc>Returns the text value of the element identified by ``locator``.</doc>
<status status="PASS" start="2024-12-04T22:11:22.765697" elapsed="0.396032"/>
</kw>
<kw name="Should Be Equal As Strings" owner="BuiltIn">
<arg>${result}</arg>
<arg>Incorrect username/password.</arg>
<doc>Fails if objects are unequal after converting them to strings.</doc>
<status status="PASS" start="2024-12-04T22:11:23.163071" elapsed="0.001015"/>
</kw>
<status status="PASS" start="2024-12-04T22:11:22.762684" elapsed="0.401402"/>
</kw>
<status status="PASS" start="2024-12-04T22:10:51.617289" elapsed="31.546797"/>
</test>
<doc>To Validate login form</doc>
<status status="PASS" start="2024-12-04T22:10:50.873549" elapsed="32.291539"/>
</suite>
<status status="PASS" start="2024-12-04T22:10:50.837964" elapsed="32.329633"/>
</suite>
<statistics>
<total>
<stat pass="1" fail="0" skip="0">All Tests</stat>
</total>
<tag>
</tag>
<suite>
<stat pass="1" fail="0" skip="0" id="s1" name="Test">Test</stat>
<stat pass="1" fail="0" skip="0" id="s1-s1" name="demoPractice">Test.demoPractice</stat>
</suite>
</statistics>
<errors>
</errors>
</robot>
